Development log
&contract::experience_management - requires logging of agent actions
@management::Record - defines the format for log entries

[user] 2026-01-04: Начата работа, доложена готовность
[user] 2026-01-04: Создана папка Management с томами Goal и Plans
[user] 2026-01-04: Очищены тома от инициативных фактов
[user] 2026-01-04: Добавлен факт MorpheusEndState в goal
[user] 2026-01-04: Заменены Plans на Backlog, исправлены include'ы
[user] 2026-01-04: Переименованы каталоги с маленькой буквы
[morta] 2026-01-04: Исправлен Q с inf на 0.9 в UserInteractionLogging факт
[morta] 2026-01-04: Удален старый файл Plans.tome из _status
[morta] 2026-01-04: Упрощен факт Traces в KQM.tome, убраны лишние детали формата
[morta] 2026-01-04: Дополнен UserInteractionLogging конкретными требованиями к формату
[morta] 2026-01-04: Создан том formats в methods для внешних форматов данных
[morta] 2026-01-04: Перенесен факт Traces из KQM.tome в formats.tome
[morta] 2026-01-04: Уточнено описание content в UserInteractionLogging: "действие в этой интеракции"
[morta] 2026-01-04: Перенесен факт Trace из FAL.tome в formats.tome как прикладная концепция
[morta] 2026-01-04: Убрана ссылка на Trace из фундаментальных определений FAL.tome
[morta] 2026-01-04: Переименован факт Traces в LineTraces для большей специфичности формата
[morta] 2026-01-04: Связан UserInteractionLogging с форматом LineTraces для смысловой целостности
[morta] 2026-01-05: Добавлен факт Task в management.tome с определением понятия задачи
[morta] 2026-01-05: Уточнен факт WorkTask - убраны внешние свойства, добавлено определение зависимостей как ссылок на факты типа WorkTask
[morta] 2026-01-05: Добавлен факт SemanticReferenceUsage с рекомендацией предпочтительного использования семантических ссылок при создании фактов
[morta] 2026-01-05: Создан новый том factauthoring.tome для процессов создания и авторинга фактов
[morta] 2026-01-05: Уточнено описание factauthoring.tome - расширен до процессов синтеза, создания и формализации знаний
[morta] 2026-01-05: Переименован том factauthoring.tome в synthesis.tome и перемещен из methods/ в core/
[morta] 2026-01-05: Перенесен и адаптирован факт SemanticReferenceUsage в synthesis.tome как SemanticReferencePreference с разделением на определение и преимущества
[morta] 2026-01-05: Добавлена семантическая ссылка на @KQM::Reference в определении SemanticReferencePreference
[morta] 2026-01-05: Переименован факт SemanticReferencePreference в ReferencePreference, понижен Q для ReferenceBenefits с 0.3 до 0.15
[user] 2026-01-14: Выполнена тестовая задача - расчет асимптотической сложности пузырьковой сортировки: O(n²) худший/средний случай, O(n) лучший случай
[user] 2026-01-14: Выполнена повторная оценка пузырьковой сортировки после обновления оркестрации
[user] 2026-01-14: Извлечен урок из взаимодействия - добавлен факт MemoryDuality в orchestration.tome для прояснения двойственной структуры памяти
[user] 2026-01-14: Обобщено определение Memory - расширено до всех форм фиксации знаний в KQM, не только Statement
[user] 2026-01-14: Заменен устаревший термин @KQM::Fact на @KQM::Statement во всех томах директории Seed (9 файлов обновлено)
[user] 2026-01-14: Преобразована быковая проблема MethodologyDevelopment из backlog в открытую задачу MethodologySeedDefinition в management.tome
[user] 2026-01-14: Перемещена задача MethodologySeedDefinition в _status/plan.tome для структурированного планирования
[morta] 2026-01-18: Переработан факт LinkagePreference - фокус на связывании новых фактов с корпусом через семантические ссылки
[morta] 2026-01-18: Уточнены Statement'ы в orchestration2.tome - добавлен акцент на важности сохранения знаний и правила ведения лога
[morta] 2026-01-18: Добавлено фундаментальное определение Artifact в начало KQM.tome как первый Statement тома
[morta] 2026-01-18: Создано определение Definition как новый тип @KQM::Definition без Q для эксперимента с семантикой через ссылки
[morta] 2026-01-18: Преобразованы определения Artifact, Tome, Corpus, Reference, Statement в формат @KQM::Definition с Clause/Examples и исправлены отступы форматирования
[grok] 2026-01-19: Удалено определение Format из KQM.tome как избыточная абстракция
[grok] 2026-01-19: Переработаны определения в management.tome - заменен "фиксирует" на "@FAL::Form фиксации" для точности
[grok] 2026-01-19: Добавлены задачи "StandardizeIQSM" и "CompleteJ1Technology" в backlog проекта Seed
[grok] 2026-01-19: Приведен том backlog к стандартному виду - убрана обертка @KQM::Tome, добавлен стандартный заголовок
[morta] 2026-01-19: Создан инструмент extract_forms.py в папке Tools для извлечения списка форм из томов
[morta] 2026-01-21: Выполнена полная трансформация архитектуры KQM/FAL в новый декларативный синтаксис с явными семантическими ссылками
[morta] 2026-01-21: Добавлены @ для ссылок на типы определений и & для ссылок на экземпляры артефактов
[morta] 2026-01-21: Конвертированы все тома в новый формат: KQM.tome, FAL.tome, synthesis.tome, IFS-unsorted.tome, management.tome, contract.tome
[morta] 2026-01-21: Создана иерархия специализаций определений с subtype of для правильной типизации
[morta] 2026-01-21: Улучшены определения для максимальной семантической точности и понятности для ИИ
[morta] 2026-01-21: Добавлены namespace'ы и Google-style naming (snake_case) для statements
[morta] 2026-01-21: Создан новый statement user_identity_visibility в contract.tome для персонализации взаимодействия
[morta] 2026-01-21: Установлены кросс-ссылки между томами для связности архитектуры
[morta] 2026-01-21: Исправлено имя пользователя в логах согласно &contract::user_identity_visibility, добавлены семантические ссылки на основания лога (&contract::experience_management, @management::Record)
[morta] 2026-01-23: Завершена задача convert_iqsm_definitions - конвертированы все основные определения iQSM из Statement в Definition формат с правильной типизацией
[morta] 2026-01-23: Создан Archive.tome для хранения завершенных задач проекта
[morta] 2026-01-23: Перемещена задача convert_iqsm_definitions из plan.tome в Archive.tome для поддержания актуальности активного планирования
[morta] 2026-01-23: Начата работа над проблемой define_task_statuses - создана задача в plan.tome для стандартизации системы статусов
[morta] 2026-01-23: Исправлен goal.tome - заменены упоминания Morpheus на Seed, переименован statement morpheus_end_state на seed_end_state